<?xml version="1.0" encoding="UTF-8"?>
<testsuite name="WebBrowserTest" tests="1" skipped="0" failures="0" errors="0" timestamp="2022-06-20T05:14:19" hostname="DESKTOP-IBGUCOS" time="0.039">
  <properties/>
  <testcase name="testcase 1" classname="WebBrowserTest" time="0.039"/>
  <system-out><![CDATA[]]></system-out>
  <system-err><![CDATA[]]></system-err>
</testsuite>
